<?xml version="1.0" encoding="UTF-8"?>
<testng-results total="1" passed="1" failed="0" skipped="0">
  <reporter-output>
  </reporter-output>
  <suite started-at="2019-01-14T03:30:26Z" name="Default suite" finished-at="2019-01-14T03:30:34Z" duration-ms="7740">
    <groups>
    </groups>
    <test started-at="2019-01-14T03:30:26Z" name="Default test" finished-at="2019-01-14T03:30:34Z" duration-ms="7740">
      <class name="plastiq.qa_challenge.AppTest">
        <test-method signature="googleTest()[pri:0, instance:plastiq.qa_challenge.AppTest@69453e37]" started-at="2019-01-13T22:30:26Z" name="googleTest" finished-at="2019-01-13T22:30:34Z" duration-ms="7718" status="PASS">
          <reporter-output>
          </reporter-output>
        </test-method> <!-- googleTest -->
      </class> <!-- plastiq.qa_challenge.AppTest -->
    </test> <!-- Default test -->
  </suite> <!-- Default suite -->
</testng-results>
